0 info it worked if it ends with ok
1 verbose cli [ 'C:\\Program Files\\nodejs\\\\node.exe',
1 verbose cli   'C:\\Program Files\\nodejs\\node_modules\\npm\\bin\\npm-cli.js',
1 verbose cli   'install',
1 verbose cli   '-g',
1 verbose cli   'git' ]
2 info using npm@1.4.28
3 info using node@v0.10.33
4 verbose node symlink C:\Program Files\nodejs\\node.exe
5 verbose cache add [ 'git', null ]
6 verbose cache add name=undefined spec="git" args=["git",null]
7 verbose parsed url { protocol: null,
7 verbose parsed url   slashes: null,
7 verbose parsed url   auth: null,
7 verbose parsed url   host: null,
7 verbose parsed url   port: null,
7 verbose parsed url   hostname: null,
7 verbose parsed url   hash: null,
7 verbose parsed url   search: null,
7 verbose parsed url   query: null,
7 verbose parsed url   pathname: 'git',
7 verbose parsed url   path: 'git',
7 verbose parsed url   href: 'git' }
8 silly lockFile 46f1a0bd-git git
9 verbose lock git C:\Users\zambranon\AppData\Roaming\npm-cache\46f1a0bd-git.lock
10 silly lockFile 46f1a0bd-git git
11 silly lockFile 46f1a0bd-git git
12 verbose addNamed [ 'git', '' ]
13 verbose addNamed [ null, '*' ]
14 silly lockFile c6f8daad-git git@
15 verbose lock git@ C:\Users\zambranon\AppData\Roaming\npm-cache\c6f8daad-git.lock
16 silly addNameRange { name: 'git', range: '*', hasData: false }
17 verbose request where is /git
18 verbose request registry https://registry.npmjs.org/
19 verbose request id 05b773818ecb89b5
20 verbose url raw /git
21 verbose url resolving [ 'https://registry.npmjs.org/', './git' ]
22 verbose url resolved https://registry.npmjs.org/git
23 verbose request where is https://registry.npmjs.org/git
24 info trying registry request attempt 1 at 12:23:07
25 http GET https://registry.npmjs.org/git
26 info retry will retry, error on last attempt: Error: tunneling socket could not be established, cause=connect ETIMEDOUT
27 info trying registry request attempt 2 at 12:23:38
28 http GET https://registry.npmjs.org/git
29 info retry will retry, error on last attempt: Error: tunneling socket could not be established, cause=connect ETIMEDOUT
30 info trying registry request attempt 3 at 12:24:59
31 http GET https://registry.npmjs.org/git
32 silly lockFile c6f8daad-git git@
33 silly lockFile c6f8daad-git git@
34 error network tunneling socket could not be established, cause=connect ETIMEDOUT
34 error network This is most likely not a problem with npm itself
34 error network and is related to network connectivity.
34 error network In most cases you are behind a proxy or have bad network settings.
34 error network
34 error network If you are behind a proxy, please make sure that the
34 error network 'proxy' config is set properly.  See: 'npm help config'
35 error System Windows_NT 6.2.9200
36 error command "C:\\Program Files\\nodejs\\\\node.exe" "C:\\Program Files\\nodejs\\node_modules\\npm\\bin\\npm-cli.js" "install" "-g" "git"
37 error cwd C:\Users\zambranon\Desktop\projet\Site
38 error node -v v0.10.33
39 error npm -v 1.4.28
40 error code ECONNRESET
41 verbose exit [ 1, true ]
